<?xml version="1.0" encoding="UTF-8"?>
<!-- Generated by org.testng.reporters.JUnitXMLReporter -->
<testsuite hostname="VISHNU-PC" name="Default test" tests="3" failures="0" timestamp="22 Dec 2016 22:21:47 GMT" time="58.903" errors="0">
  <testcase name="testValidLoginLogout" time="10.61" classname="euro.genomics.scripts.ValidLogin"/>
  <testcase name="testVerifyProductVersion" time="11.152" classname="euro.genomics.scripts.VerifyProductVersion"/>
  <testcase name="testInvaliLogin" time="16.57" classname="euro.genomics.scripts.InvalidLogin"/>
</testsuite> <!-- Default test -->
