<?xml version="1.0" encoding="UTF-8"?>
<!-- Generated by org.testng.reporters.JUnitXMLReporter -->
<testsuite hostname="VISHNU-PC" name="Test_Desktop1" tests="3" failures="0" timestamp="23 Dec 2016 01:59:11 GMT" time="81.3" errors="0">
  <testcase name="testInvaliLogin" time="18.036" classname="euro.genomics.scripts.InvalidLogin"/>
  <testcase name="testValidLoginLogout" time="10.534" classname="euro.genomics.scripts.ValidLogin"/>
  <testcase name="testVerifyProductVersion" time="20.62" classname="euro.genomics.scripts.VerifyProductVersion"/>
</testsuite> <!-- Test_Desktop1 -->
