<?xml version="1.0" encoding="UTF-8"?>
<!-- Generated by org.testng.reporters.JUnitXMLReporter -->
<testsuite hostname="VISHNU-PC" name="Test" tests="3" failures="0" timestamp="22 Dec 2016 22:28:09 GMT" time="61.48" errors="0">
  <testcase name="testInvaliLogin" time="17.591" classname="euro.genomics.scripts.InvalidLogin"/>
  <testcase name="testValidLoginLogout" time="10.929" classname="euro.genomics.scripts.ValidLogin"/>
  <testcase name="testVerifyProductVersion" time="11.023" classname="euro.genomics.scripts.VerifyProductVersion"/>
</testsuite> <!-- Test -->
