<?xml version="1.0" encoding="UTF-8"?>
<!-- Generated by org.testng.reporters.JUnitXMLReporter -->
<testsuite hostname="VISHNU-PC" name="Test_Laptop" tests="3" failures="0" timestamp="23 Dec 2016 01:59:17 GMT" time="87.109" errors="0">
  <testcase name="testInvaliLogin" time="17.726" classname="euro.genomics.scripts.InvalidLogin"/>
  <testcase name="testValidLoginLogout" time="9.702" classname="euro.genomics.scripts.ValidLogin"/>
  <testcase name="testVerifyProductVersion" time="11.052" classname="euro.genomics.scripts.VerifyProductVersion"/>
</testsuite> <!-- Test_Laptop -->
