<?xml version="1.0" encoding="UTF-8"?>
<!-- Generated by org.testng.reporters.JUnitXMLReporter -->
<testsuite hostname="VISHNU-PC" name="Test_Dektop2" tests="3" failures="0" timestamp="23 Dec 2016 01:59:12 GMT" time="82.504" errors="0">
  <testcase name="testInvaliLogin" time="21.396" classname="euro.genomics.scripts.InvalidLogin"/>
  <testcase name="testValidLoginLogout" time="12.106" classname="euro.genomics.scripts.ValidLogin"/>
  <testcase name="testVerifyProductVersion" time="13.074" classname="euro.genomics.scripts.VerifyProductVersion"/>
</testsuite> <!-- Test_Dektop2 -->
