<?xml version="1.0" encoding="UTF-8"?>
<!-- Generated by org.testng.reporters.JUnitXMLReporter -->
<testsuite hostname="VISHNU-PC" name="Test_Desktop" tests="3" failures="0" timestamp="23 Dec 2016 00:57:44 GMT" time="88.492" errors="0">
  <testcase name="testInvaliLogin" time="21.178" classname="euro.genomics.scripts.InvalidLogin"/>
  <testcase name="testValidLoginLogout" time="10.988" classname="euro.genomics.scripts.ValidLogin"/>
  <testcase name="testVerifyProductVersion" time="11.633" classname="euro.genomics.scripts.VerifyProductVersion"/>
</testsuite> <!-- Test_Desktop -->
